2016-03-24 14:31:17,368 INFO  [org.jboss.modules] (main) JBoss Modules version 1.5.1.Final
2016-03-24 14:31:18,253 INFO  [org.jboss.msc] (main) JBoss MSC version 1.2.6.Final
2016-03-24 14:31:18,315 INFO  [org.jboss.as] (MSC service thread 1-6) WFLYSRV0049: WildFly Full 10.0.0.Final (WildFly Core 2.0.10.Final) starting
2016-03-24 14:31:18,316 DEBUG [org.jboss.as.config] (MSC service thread 1-6) Configured system properties:
	awt.toolkit = sun.awt.windows.WToolkit
	file.encoding = Cp1252
	file.encoding.pkg = sun.io
	file.separator = \
	java.awt.graphicsenv = sun.awt.Win32GraphicsEnvironment
	java.awt.headless = true
	java.awt.printerjob = sun.awt.windows.WPrinterJob
	java.class.path = C:\Wildfly\wildfly-10.0.0.Final\jboss-modules.jar
	java.class.version = 52.0
	java.endorsed.dirs = C:\Program Files\Java\jre1.8.0_73\lib\endorsed
	java.ext.dirs = C:\Program Files\Java\jre1.8.0_73\lib\ext;C:\WINDOWS\Sun\Java\lib\ext
	java.home = C:\Program Files\Java\jre1.8.0_73
	java.io.tmpdir = C:\Users\jamarsto\AppData\Local\Temp\
	java.library.path = C:\Program Files\Java\jre1.8.0_73\bin;C:\WINDOWS\Sun\Java\bin;C:\WINDOWS\system32;C:\WINDOWS;native;C:/Program Files/Java/jre1.8.0_73/bin/server;C:/Program Files/Java/jre1.8.0_73/bin;C:/Program Files/Java/jre1.8.0_73/lib/amd64;C:\ProgramData\Oracle\Java\javapath;C:\WINDOWS\system32;C:\WINDOWS;C:\WINDOWS\System32\Wbem;C:\WINDOWS\System32\WindowsPowerShell\v1.0\;C:\Program Files\Microsoft SQL Server\120\Tools\Binn\;C:\Program Files (x86)\Windows Kits\10\Windows Performance Toolkit\;C:\Program Files (x86)\nodejs\;C:\Program Files\Microsoft\Web Platform Installer\;C:\Program Files\Microsoft SQL Server\110\Tools\Binn\;C:\Program Files (x86)\Microsoft SDKs\Azure\CLI\wbin;C:\Program Files\Microsoft SQL Server\Client SDK\ODBC\110\Tools\Binn\;C:\Program Files (x86)\Microsoft SQL Server\120\Tools\Binn\ManagementStudio\;C:\Program Files (x86)\Microsoft SQL Server\120\Tools\Binn\;C:\Program Files (x86)\Microsoft SQL Server\120\DTS\Binn\;C:\Program Files\Microsoft SQL Server\120\DTS\Binn\;C:\Program Files (x86)\Microsoft Emulator Manager\1.0\;C:\Program Files\Git\cmd;C:\Program Files\Microsoft DNX\Dnvm\;C:\Users\jamarsto\AppData\Roaming\npm;C:\eclipse;;.
	java.net.preferIPv4Stack = true
	java.runtime.name = Java(TM) SE Runtime Environment
	java.runtime.version = 1.8.0_73-b02
	java.specification.name = Java Platform API Specification
	java.specification.vendor = Oracle Corporation
	java.specification.version = 1.8
	java.util.logging.manager = org.jboss.logmanager.LogManager
	java.vendor = Oracle Corporation
	java.vendor.url = http://java.oracle.com/
	java.vendor.url.bug = http://bugreport.sun.com/bugreport/
	java.version = 1.8.0_73
	java.vm.info = mixed mode
	java.vm.name = Java HotSpot(TM) 64-Bit Server VM
	java.vm.specification.name = Java Virtual Machine Specification
	java.vm.specification.vendor = Oracle Corporation
	java.vm.specification.version = 1.8
	java.vm.vendor = Oracle Corporation
	java.vm.version = 25.73-b02
	javax.management.builder.initial = org.jboss.as.jmx.PluggableMBeanServerBuilder
	javax.xml.datatype.DatatypeFactory = __redirected.__DatatypeFactory
	javax.xml.parsers.DocumentBuilderFactory = __redirected.__DocumentBuilderFactory
	javax.xml.parsers.SAXParserFactory = __redirected.__SAXParserFactory
	javax.xml.stream.XMLEventFactory = __redirected.__XMLEventFactory
	javax.xml.stream.XMLInputFactory = __redirected.__XMLInputFactory
	javax.xml.stream.XMLOutputFactory = __redirected.__XMLOutputFactory
	javax.xml.transform.TransformerFactory = __redirected.__TransformerFactory
	javax.xml.validation.SchemaFactory:http://www.w3.org/2001/XMLSchema = __redirected.__SchemaFactory
	javax.xml.xpath.XPathFactory:http://java.sun.com/jaxp/xpath/dom = __redirected.__XPathFactory
	jboss.bind.address = localhost
	jboss.bind.address.management = localhost
	jboss.home.dir = C:\Wildfly\wildfly-10.0.0.Final
	jboss.host.name = minint-kf12rjj
	jboss.http.port = 8080
	jboss.modules.dir = C:\Wildfly\wildfly-10.0.0.Final\modules
	jboss.modules.system.pkgs = org.jboss.byteman
	jboss.node.name = minint-kf12rjj
	jboss.qualified.host.name = minint-kf12rjj
	jboss.server.base.dir = C:\Wildfly\wildfly-10.0.0.Final\standalone
	jboss.server.config.dir = C:\Wildfly\wildfly-10.0.0.Final\standalone\configuration
	jboss.server.data.dir = C:\Wildfly\wildfly-10.0.0.Final\standalone\data
	jboss.server.deploy.dir = C:\Wildfly\wildfly-10.0.0.Final\standalone\data\content
	jboss.server.log.dir = C:\Wildfly\wildfly-10.0.0.Final\standalone\log
	jboss.server.name = minint-kf12rjj
	jboss.server.persist.config = true
	jboss.server.temp.dir = C:\Wildfly\wildfly-10.0.0.Final\standalone\tmp
	line.separator = 

	logging.configuration = file:/C:/Wildfly/wildfly-10.0.0.Final/standalone/configuration/logging.properties
	module.path = C:/Wildfly/wildfly-10.0.0.Final/modules
	org.jboss.boot.log.file = C:/Wildfly/wildfly-10.0.0.Final/standalone/log/boot.log
	org.jboss.logmanager.nocolor = true
	org.jboss.resolver.warning = true
	org.xml.sax.driver = __redirected.__XMLReaderFactory
	os.arch = amd64
	os.name = Windows 10
	os.version = 10.0
	path.separator = ;
	program.name = JBossTools: WildFly  8.x
	redis_host = ja-redis.northeurope.cloudapp.azure.com
	redis_password = <redacted>
	redis_port = 6379
	sun.arch.data.model = 64
	sun.boot.class.path = C:\Program Files\Java\jre1.8.0_73\lib\resources.jar;C:\Program Files\Java\jre1.8.0_73\lib\rt.jar;C:\Program Files\Java\jre1.8.0_73\lib\sunrsasign.jar;C:\Program Files\Java\jre1.8.0_73\lib\jsse.jar;C:\Program Files\Java\jre1.8.0_73\lib\jce.jar;C:\Program Files\Java\jre1.8.0_73\lib\charsets.jar;C:\Program Files\Java\jre1.8.0_73\lib\jfr.jar;C:\Program Files\Java\jre1.8.0_73\classes
	sun.boot.library.path = C:\Program Files\Java\jre1.8.0_73\bin
	sun.cpu.endian = little
	sun.cpu.isalist = amd64
	sun.desktop = windows
	sun.io.unicode.encoding = UnicodeLittle
	sun.java.command = org.jboss.modules.Main -mp C:/Wildfly/wildfly-10.0.0.Final/modules -jaxpmodule javax.xml.jaxp-provider -jaxpmodule javax.xml.jaxp-provider org.jboss.as.standalone -b localhost --server-config=standalone.xml -Djboss.server.base.dir=C:\Wildfly\wildfly-10.0.0.Final\standalone
	sun.java.launcher = SUN_STANDARD
	sun.jnu.encoding = Cp1252
	sun.management.compiler = HotSpot 64-Bit Tiered Compilers
	sun.os.patch.level = 
	sun.rmi.dgc.client.gcInterval = 3600000
	sun.rmi.dgc.server.gcInterval = 3600000
	user.country = GB
	user.dir = C:\Wildfly\wildfly-10.0.0.Final\bin
	user.home = C:\Users\jamarsto
	user.language = en
	user.name = jamarsto
	user.script = 
	user.timezone = Europe/London
	user.variant = 
2016-03-24 14:31:18,317 DEBUG [org.jboss.as.config] (MSC service thread 1-6) VM Arguments: -Dprogram.name=JBossTools: WildFly  8.x -Xms64m -Xmx512m -XX:MaxPermSize=256m -Dorg.jboss.resolver.warning=true -Djava.net.preferIPv4Stack=true -Dsun.rmi.dgc.client.gcInterval=3600000 -Dsun.rmi.dgc.server.gcInterval=3600000 -Djboss.modules.system.pkgs=org.jboss.byteman -Djava.awt.headless=true -Dorg.jboss.boot.log.file=C:/Wildfly/wildfly-10.0.0.Final/standalone/log/boot.log -Dlogging.configuration=file:/C:/Wildfly/wildfly-10.0.0.Final/standalone/configuration/logging.properties -Djboss.home.dir=C:/Wildfly/wildfly-10.0.0.Final -Dorg.jboss.logmanager.nocolor=true -Djboss.bind.address.management=localhost -Dredis_host=ja-redis.northeurope.cloudapp.azure.com -Dredis_port=6379 -Dredis_password= -Djboss.http.port=8080 -Dfile.encoding=Cp1252 
2016-03-24 14:31:22,673 INFO  [org.jboss.as.server.deployment.scanner] (DeploymentScanner-threads - 1) WFLYDS0004: Found ROOT.war in deployment directory. To trigger deployment create a file called ROOT.war.dodeploy
2016-03-24 14:31:22,700 INFO  [org.jboss.as.server] (Controller Boot Thread) WFLYSRV0039: Creating http management service using socket-binding (management-http)
2016-03-24 14:31:22,719 INFO  [org.xnio] (MSC service thread 1-7) XNIO version 3.3.4.Final
2016-03-24 14:31:22,736 INFO  [org.xnio.nio] (MSC service thread 1-7) XNIO NIO Implementation Version 3.3.4.Final
2016-03-24 14:31:22,793 WARN  [org.jboss.as.txn] (ServerService Thread Pool -- 54) WFLYTX0013: Node identifier property is set to the default value. Please make sure it is unique.
2016-03-24 14:31:22,815 INFO  [org.jboss.as.webservices] (ServerService Thread Pool -- 56) WFLYWS0002: Activating WebServices Extension
2016-03-24 14:31:22,825 INFO  [org.jboss.as.security] (ServerService Thread Pool -- 53) WFLYSEC0002: Activating Security Subsystem
2016-03-24 14:31:22,828 INFO  [org.wildfly.extension.io] (ServerService Thread Pool -- 37) WFLYIO001: Worker 'default' has auto-configured to 8 core threads with 64 task threads based on your 4 available processors
2016-03-24 14:31:22,834 INFO  [org.jboss.as.naming] (ServerService Thread Pool -- 46) WFLYNAM0001: Activating Naming Subsystem
2016-03-24 14:31:22,844 INFO  [org.jboss.as.clustering.infinispan] (ServerService Thread Pool -- 38) WFLYCLINF0001: Activating Infinispan subsystem.
2016-03-24 14:31:22,890 INFO  [org.jboss.as.jsf] (ServerService Thread Pool -- 44) WFLYJSF0007: Activated the following JSF Implementations: [main]
2016-03-24 14:31:22,907 INFO  [org.jboss.as.security] (MSC service thread 1-5) WFLYSEC0001: Current PicketBox version=4.9.4.Final
2016-03-24 14:31:22,949 INFO  [org.wildfly.extension.undertow] (MSC service thread 1-8) WFLYUT0003: Undertow 1.3.15.Final starting
2016-03-24 14:31:22,950 INFO  [org.wildfly.extension.undertow] (ServerService Thread Pool -- 55) WFLYUT0003: Undertow 1.3.15.Final starting
2016-03-24 14:31:22,958 INFO  [org.jboss.as.connector] (MSC service thread 1-8) WFLYJCA0009: Starting JCA Subsystem (WildFly/IronJacamar 1.3.2.Final)
2016-03-24 14:31:23,134 INFO  [org.jboss.as.connector.subsystems.datasources] (ServerService Thread Pool -- 33) WFLYJCA0004: Deploying JDBC-compliant driver class org.h2.Driver (version 1.3)
2016-03-24 14:31:23,147 INFO  [org.jboss.remoting] (MSC service thread 1-3) JBoss Remoting version 4.0.18.Final
2016-03-24 14:31:23,147 INFO  [org.jboss.as.connector.deployers.jdbc] (MSC service thread 1-7) WFLYJCA0018: Started Driver service with driver-name = h2
2016-03-24 14:31:23,151 INFO  [org.jboss.as.naming] (MSC service thread 1-1) WFLYNAM0003: Starting Naming Service
2016-03-24 14:31:23,153 INFO  [org.jboss.as.mail.extension] (MSC service thread 1-5) WFLYMAIL0001: Bound mail session [java:jboss/mail/Default]
2016-03-24 14:31:23,427 INFO  [org.jboss.as.ejb3] (MSC service thread 1-3) WFLYEJB0481: Strict pool slsb-strict-max-pool is using a max instance size of 64 (per class), which is derived from thread worker pool sizing.
2016-03-24 14:31:23,427 INFO  [org.jboss.as.ejb3] (MSC service thread 1-2) WFLYEJB0482: Strict pool mdb-strict-max-pool is using a max instance size of 16 (per class), which is derived from the number of CPUs on this host.
2016-03-24 14:31:23,535 INFO  [org.jboss.as.connector.subsystems.datasources] (ServerService Thread Pool -- 33) WFLYJCA0004: Deploying JDBC-compliant driver class com.microsoft.sqlserver.jdbc.SQLServerDriver (version 4.0)
2016-03-24 14:31:23,537 INFO  [org.jboss.as.connector.deployers.jdbc] (MSC service thread 1-3) WFLYJCA0018: Started Driver service with driver-name = sqlserver
2016-03-24 14:31:23,639 INFO  [org.wildfly.extension.undertow] (MSC service thread 1-2) WFLYUT0012: Started server default-server.
2016-03-24 14:31:23,701 INFO  [org.jboss.as.connector.subsystems.datasources] (MSC service thread 1-5) WFLYJCA0001: Bound data source [java:/jdbc/unmanaged/demo]
2016-03-24 14:31:23,897 INFO  [org.wildfly.extension.undertow] (MSC service thread 1-8) WFLYUT0006: Undertow HTTP listener default listening on 127.0.0.1:8080
2016-03-24 14:31:24,189 INFO  [org.jboss.as.connector.subsystems.datasources] (MSC service thread 1-8) WFLYJCA0001: Bound data source [java:jboss/datasources/ExampleDS]
2016-03-24 14:31:24,190 INFO  [org.jboss.as.connector.subsystems.datasources] (MSC service thread 1-5) WFLYJCA0001: Bound data source [java:/jdbc/managed/demo]
2016-03-24 14:31:24,405 INFO  [org.jboss.as.server.deployment.scanner] (MSC service thread 1-1) WFLYDS0013: Started FileSystemDeploymentService for directory C:\Wildfly\wildfly-10.0.0.Final\standalone\deployments
2016-03-24 14:31:24,411 INFO  [org.jboss.as.server.deployment] (MSC service thread 1-5) WFLYSRV0027: Starting deployment of "ROOT.war" (runtime-name: "ROOT.war")
2016-03-24 14:31:24,588 INFO  [org.infinispan.factories.GlobalComponentRegistry] (MSC service thread 1-2) ISPN000128: Infinispan version: Infinispan 'Mahou' 8.1.0.Final
2016-03-24 14:31:24,589 INFO  [org.infinispan.factories.GlobalComponentRegistry] (MSC service thread 1-4) ISPN000128: Infinispan version: Infinispan 'Mahou' 8.1.0.Final
2016-03-24 14:31:24,590 INFO  [org.infinispan.factories.GlobalComponentRegistry] (MSC service thread 1-3) ISPN000128: Infinispan version: Infinispan 'Mahou' 8.1.0.Final
2016-03-24 14:31:25,613 INFO  [org.jboss.ws.common.management] (MSC service thread 1-8) JBWS022052: Starting JBossWS 5.1.3.Final (Apache CXF 3.1.4) 
2016-03-24 14:31:26,707 INFO  [org.jboss.as.jpa] (MSC service thread 1-3) WFLYJPA0002: Read persistence.xml for demo-unit
2016-03-24 14:31:27,381 INFO  [org.jboss.as.jpa] (ServerService Thread Pool -- 59) WFLYJPA0010: Starting Persistence Unit (phase 1 of 2) Service 'ROOT.war#demo-unit'
2016-03-24 14:31:27,409 INFO  [org.hibernate.jpa.internal.util.LogHelper] (ServerService Thread Pool -- 59) HHH000204: Processing PersistenceUnitInfo [
	name: demo-unit
	...]
2016-03-24 14:31:27,771 INFO  [org.jboss.weld.deployer] (MSC service thread 1-7) WFLYWELD0003: Processing weld deployment ROOT.war
2016-03-24 14:31:27,837 INFO  [org.hibernate.Version] (ServerService Thread Pool -- 59) HHH000412: Hibernate Core {5.0.7.Final}
2016-03-24 14:31:27,839 INFO  [org.hibernate.cfg.Environment] (ServerService Thread Pool -- 59) HHH000206: hibernate.properties not found
2016-03-24 14:31:27,841 INFO  [org.hibernate.cfg.Environment] (ServerService Thread Pool -- 59) HHH000021: Bytecode provider name : javassist
2016-03-24 14:31:27,902 INFO  [org.hibernate.orm.deprecation] (ServerService Thread Pool -- 59) HHH90000001: Found usage of deprecated setting for specifying Scanner [hibernate.ejb.resource_scanner]; use [hibernate.archive.scanner] instead
2016-03-24 14:31:27,912 INFO  [org.hibernate.annotations.common.Version] (ServerService Thread Pool -- 59) HCANN000001: Hibernate Commons Annotations {5.0.1.Final}
2016-03-24 14:31:28,062 INFO  [org.hibernate.validator.internal.util.Version] (MSC service thread 1-7) HV000001: Hibernate Validator 5.2.3.Final
2016-03-24 14:31:28,140 INFO  [org.jboss.as.ejb3.deployment] (MSC service thread 1-7) WFLYEJB0473: JNDI bindings for session bean named 'SimpleStateless' in deployment unit 'deployment "ROOT.war"' are as follows:

	java:global/ROOT/SimpleStateless!com.microsoft.azure.javaee.SimpleStateless
	java:app/ROOT/SimpleStateless!com.microsoft.azure.javaee.SimpleStateless
	java:module/SimpleStateless!com.microsoft.azure.javaee.SimpleStateless
	java:global/ROOT/SimpleStateless
	java:app/ROOT/SimpleStateless
	java:module/SimpleStateless

2016-03-24 14:31:28,311 INFO  [org.infinispan.configuration.cache.EvictionConfigurationBuilder] (ServerService Thread Pool -- 59) ISPN000152: Passivation configured without an eviction policy being selected. Only manually evicted entities will be passivated.
2016-03-24 14:31:28,316 INFO  [org.infinispan.configuration.cache.EvictionConfigurationBuilder] (ServerService Thread Pool -- 59) ISPN000152: Passivation configured without an eviction policy being selected. Only manually evicted entities will be passivated.
2016-03-24 14:31:28,317 INFO  [org.infinispan.configuration.cache.EvictionConfigurationBuilder] (ServerService Thread Pool -- 59) ISPN000152: Passivation configured without an eviction policy being selected. Only manually evicted entities will be passivated.
2016-03-24 14:31:28,319 INFO  [org.infinispan.configuration.cache.EvictionConfigurationBuilder] (ServerService Thread Pool -- 59) ISPN000152: Passivation configured without an eviction policy being selected. Only manually evicted entities will be passivated.
2016-03-24 14:31:28,332 INFO  [org.jboss.weld.deployer] (MSC service thread 1-4) WFLYWELD0006: Starting Services for CDI deployment: ROOT.war
2016-03-24 14:31:28,369 INFO  [org.jboss.weld.Version] (MSC service thread 1-4) WELD-000900: 2.3.2 (Final)
2016-03-24 14:31:28,396 INFO  [org.wildfly.extension.undertow] (MSC service thread 1-1) WFLYUT0018: Host default-host starting
2016-03-24 14:31:28,407 INFO  [org.jboss.weld.deployer] (MSC service thread 1-6) WFLYWELD0009: Starting weld service for deployment ROOT.war
2016-03-24 14:31:28,618 INFO  [org.jboss.as.jpa] (ServerService Thread Pool -- 58) WFLYJPA0010: Starting Persistence Unit (phase 2 of 2) Service 'ROOT.war#demo-unit'
2016-03-24 14:31:28,687 INFO  [org.jboss.as.clustering.infinispan] (ServerService Thread Pool -- 59) WFLYCLINF0002: Started client-mappings cache from ejb container
2016-03-24 14:31:29,732 WARN  [org.hibernate.engine.jdbc.dialect.internal.StandardDialectResolver] (ServerService Thread Pool -- 58) HHH000385: Unknown Microsoft SQL Server major version [12] using SQL Server 2000 dialect
2016-03-24 14:31:29,743 INFO  [org.hibernate.dialect.Dialect] (ServerService Thread Pool -- 58) HHH000400: Using dialect: org.hibernate.dialect.SQLServerDialect
2016-03-24 14:31:29,934 INFO  [org.hibernate.envers.boot.internal.EnversServiceImpl] (ServerService Thread Pool -- 58) Envers integration enabled? : true
2016-03-24 14:31:31,153 INFO  [io.undertow.servlet] (ServerService Thread Pool -- 59) No Spring WebApplicationInitializer types detected on classpath
2016-03-24 14:31:31,173 INFO  [io.undertow.servlet] (ServerService Thread Pool -- 59) Initializing Spring root WebApplicationContext
2016-03-24 14:31:31,175 INFO  [org.springframework.web.context.ContextLoader] (ServerService Thread Pool -- 59) Root WebApplicationContext: initialization started
2016-03-24 14:31:31,233 INFO  [org.springframework.web.context.support.XmlWebApplicationContext] (ServerService Thread Pool -- 59) Refreshing Root WebApplicationContext: startup date [Thu Mar 24 14:31:31 GMT 2016]; root of context hierarchy
2016-03-24 14:31:31,263 INFO  [org.springframework.beans.factory.xml.XmlBeanDefinitionReader] (ServerService Thread Pool -- 59) Loading XML bean definitions from ServletContext resource [/WEB-INF/spring/session.xml]
2016-03-24 14:31:31,536 INFO  [org.springframework.beans.factory.annotation.AutowiredAnnotationBeanPostProcessor] (ServerService Thread Pool -- 59) JSR-330 'javax.inject.Inject' annotation found and supported for autowiring
2016-03-24 14:31:31,981 INFO  [org.springframework.context.support.DefaultLifecycleProcessor] (ServerService Thread Pool -- 59) Starting beans in phase 2147483647
2016-03-24 14:31:32,047 INFO  [org.springframework.web.context.ContextLoader] (ServerService Thread Pool -- 59) Root WebApplicationContext: initialization completed in 871 ms
2016-03-24 14:31:32,184 INFO  [javax.enterprise.resource.webcontainer.jsf.config] (ServerService Thread Pool -- 59) Initializing Mojarra 2.2.12-jbossorg-2 20150729-1131 for context ''
2016-03-24 14:31:33,250 INFO  [org.wildfly.extension.undertow] (ServerService Thread Pool -- 59) WFLYUT0021: Registered web context: /
2016-03-24 14:31:33,303 INFO  [org.jboss.as.server] (ServerService Thread Pool -- 34) WFLYSRV0010: Deployed "ROOT.war" (runtime-name : "ROOT.war")
2016-03-24 14:31:33,417 INFO  [org.jboss.as] (Controller Boot Thread) WFLYSRV0060: Http management interface listening on http://127.0.0.1:9990/management
2016-03-24 14:31:33,417 INFO  [org.jboss.as] (Controller Boot Thread) WFLYSRV0051: Admin console listening on http://127.0.0.1:9990
2016-03-24 14:31:33,418 INFO  [org.jboss.as] (Controller Boot Thread) WFLYSRV0025: WildFly Full 10.0.0.Final (WildFly Core 2.0.10.Final) started in 16393ms - Started 445 of 715 services (383 services are lazy, passive or on-demand)
2016-03-24 14:31:45,894 INFO  [com.microsoftopentechnologies.acs.federation.ACSFederationAuthFilter] (default task-1) Passive Requestor Endpoint is:https://jamarsto.accesscontrol.windows.net:443/v2/wsfederation?wa=wsignin1.0&wtrealm=http%3a%2f%2fjm-java.azurewebsites.net%2f
2016-03-24 14:31:45,894 INFO  [com.microsoftopentechnologies.acs.federation.ACSFederationAuthFilter] (default task-1) Relying Party Realm is:http://jm-java.azurewebsites.net
2016-03-24 14:31:45,895 INFO  [com.microsoftopentechnologies.acs.federation.ACSFederationAuthFilter] (default task-1) Certificate path:null
2016-03-24 14:31:45,896 ERROR [io.undertow.request] (default task-1) UT005023: Exception handling request to /ROOT/: javax.servlet.ServletException: CertificatePath init parameter not proivded in the filter configuration or Embeddded Cert is not found at /WEB-INF/cert/_acs_signing.cer
	at com.microsoftopentechnologies.acs.federation.ACSFederationAuthFilter.init(Unknown Source)
	at io.undertow.servlet.core.LifecyleInterceptorInvocation.proceed(LifecyleInterceptorInvocation.java:111)
	at org.wildfly.extension.undertow.security.RunAsLifecycleInterceptor.init(RunAsLifecycleInterceptor.java:84)
	at io.undertow.servlet.core.LifecyleInterceptorInvocation.proceed(LifecyleInterceptorInvocation.java:97)
	at io.undertow.servlet.core.ManagedFilter.createFilter(ManagedFilter.java:79)
	at io.undertow.servlet.core.ManagedFilter.getFilter(ManagedFilter.java:65)
	at io.undertow.servlet.core.ManagedFilter.doFilter(ManagedFilter.java:60)
	at io.undertow.servlet.handlers.FilterHandler$FilterChainImpl.doFilter(FilterHandler.java:131)
	at org.springframework.session.web.http.SessionRepositoryFilter.doFilterInternal(SessionRepositoryFilter.java:126)
	at org.springframework.session.web.http.OncePerRequestFilter.doFilter(OncePerRequestFilter.java:65)
	at org.springframework.web.filter.DelegatingFilterProxy.invokeDelegate(DelegatingFilterProxy.java:346)
	at org.springframework.web.filter.DelegatingFilterProxy.doFilter(DelegatingFilterProxy.java:262)
	at io.undertow.servlet.core.ManagedFilter.doFilter(ManagedFilter.java:60)
	at io.undertow.servlet.handlers.FilterHandler$FilterChainImpl.doFilter(FilterHandler.java:131)
	at io.undertow.servlet.handlers.FilterHandler.handleRequest(FilterHandler.java:84)
	at io.undertow.servlet.handlers.security.ServletSecurityRoleHandler.handleRequest(ServletSecurityRoleHandler.java:62)
	at io.undertow.servlet.handlers.ServletDispatchingHandler.handleRequest(ServletDispatchingHandler.java:36)
	at org.wildfly.extension.undertow.security.SecurityContextAssociationHandler.handleRequest(SecurityContextAssociationHandler.java:78)
	at io.undertow.server.handlers.PredicateHandler.handleRequest(PredicateHandler.java:43)
	at io.undertow.servlet.handlers.security.SSLInformationAssociationHandler.handleRequest(SSLInformationAssociationHandler.java:131)
	at io.undertow.servlet.handlers.security.ServletAuthenticationCallHandler.handleRequest(ServletAuthenticationCallHandler.java:57)
	at io.undertow.server.handlers.PredicateHandler.handleRequest(PredicateHandler.java:43)
	at io.undertow.security.handlers.AbstractConfidentialityHandler.handleRequest(AbstractConfidentialityHandler.java:46)
	at io.undertow.servlet.handlers.security.ServletConfidentialityConstraintHandler.handleRequest(ServletConfidentialityConstraintHandler.java:64)
	at io.undertow.security.handlers.AuthenticationMechanismsHandler.handleRequest(AuthenticationMechanismsHandler.java:60)
	at io.undertow.servlet.handlers.security.CachedAuthenticatedSessionHandler.handleRequest(CachedAuthenticatedSessionHandler.java:77)
	at io.undertow.security.handlers.NotificationReceiverHandler.handleRequest(NotificationReceiverHandler.java:50)
	at io.undertow.security.handlers.AbstractSecurityContextAssociationHandler.handleRequest(AbstractSecurityContextAssociationHandler.java:43)
	at io.undertow.server.handlers.PredicateHandler.handleRequest(PredicateHandler.java:43)
	at org.wildfly.extension.undertow.security.jacc.JACCContextIdHandler.handleRequest(JACCContextIdHandler.java:61)
	at io.undertow.server.handlers.PredicateHandler.handleRequest(PredicateHandler.java:43)
	at io.undertow.server.handlers.PredicateHandler.handleRequest(PredicateHandler.java:43)
	at io.undertow.servlet.handlers.ServletInitialHandler.handleFirstRequest(ServletInitialHandler.java:284)
	at io.undertow.servlet.handlers.ServletInitialHandler.dispatchRequest(ServletInitialHandler.java:263)
	at io.undertow.servlet.handlers.ServletInitialHandler.access$000(ServletInitialHandler.java:81)
	at io.undertow.servlet.handlers.ServletInitialHandler$1.handleRequest(ServletInitialHandler.java:174)
	at io.undertow.server.Connectors.executeRootHandler(Connectors.java:202)
	at io.undertow.server.HttpServerExchange$1.run(HttpServerExchange.java:793)
	at java.util.concurrent.ThreadPoolExecutor.runWorker(Unknown Source)
	at java.util.concurrent.ThreadPoolExecutor$Worker.run(Unknown Source)
	at java.lang.Thread.run(Unknown Source)

2016-03-24 14:31:49,680 INFO  [com.microsoftopentechnologies.acs.federation.ACSFederationAuthFilter] (default task-2) Passive Requestor Endpoint is:https://jamarsto.accesscontrol.windows.net:443/v2/wsfederation?wa=wsignin1.0&wtrealm=http%3a%2f%2fjm-java.azurewebsites.net%2f
2016-03-24 14:31:49,680 INFO  [com.microsoftopentechnologies.acs.federation.ACSFederationAuthFilter] (default task-2) Relying Party Realm is:http://jm-java.azurewebsites.net
2016-03-24 14:31:49,680 INFO  [com.microsoftopentechnologies.acs.federation.ACSFederationAuthFilter] (default task-2) Certificate path:null
2016-03-24 14:31:49,681 ERROR [io.undertow.request] (default task-2) UT005023: Exception handling request to /: javax.servlet.ServletException: CertificatePath init parameter not proivded in the filter configuration or Embeddded Cert is not found at /WEB-INF/cert/_acs_signing.cer
	at com.microsoftopentechnologies.acs.federation.ACSFederationAuthFilter.init(Unknown Source)
	at io.undertow.servlet.core.LifecyleInterceptorInvocation.proceed(LifecyleInterceptorInvocation.java:111)
	at org.wildfly.extension.undertow.security.RunAsLifecycleInterceptor.init(RunAsLifecycleInterceptor.java:84)
	at io.undertow.servlet.core.LifecyleInterceptorInvocation.proceed(LifecyleInterceptorInvocation.java:97)
	at io.undertow.servlet.core.ManagedFilter.createFilter(ManagedFilter.java:79)
	at io.undertow.servlet.core.ManagedFilter.getFilter(ManagedFilter.java:65)
	at io.undertow.servlet.core.ManagedFilter.doFilter(ManagedFilter.java:60)
	at io.undertow.servlet.handlers.FilterHandler$FilterChainImpl.doFilter(FilterHandler.java:131)
	at org.springframework.session.web.http.SessionRepositoryFilter.doFilterInternal(SessionRepositoryFilter.java:126)
	at org.springframework.session.web.http.OncePerRequestFilter.doFilter(OncePerRequestFilter.java:65)
	at org.springframework.web.filter.DelegatingFilterProxy.invokeDelegate(DelegatingFilterProxy.java:346)
	at org.springframework.web.filter.DelegatingFilterProxy.doFilter(DelegatingFilterProxy.java:262)
	at io.undertow.servlet.core.ManagedFilter.doFilter(ManagedFilter.java:60)
	at io.undertow.servlet.handlers.FilterHandler$FilterChainImpl.doFilter(FilterHandler.java:131)
	at io.undertow.servlet.handlers.FilterHandler.handleRequest(FilterHandler.java:84)
	at io.undertow.servlet.handlers.security.ServletSecurityRoleHandler.handleRequest(ServletSecurityRoleHandler.java:62)
	at io.undertow.servlet.handlers.ServletDispatchingHandler.handleRequest(ServletDispatchingHandler.java:36)
	at org.wildfly.extension.undertow.security.SecurityContextAssociationHandler.handleRequest(SecurityContextAssociationHandler.java:78)
	at io.undertow.server.handlers.PredicateHandler.handleRequest(PredicateHandler.java:43)
	at io.undertow.servlet.handlers.security.SSLInformationAssociationHandler.handleRequest(SSLInformationAssociationHandler.java:131)
	at io.undertow.servlet.handlers.security.ServletAuthenticationCallHandler.handleRequest(ServletAuthenticationCallHandler.java:57)
	at io.undertow.server.handlers.PredicateHandler.handleRequest(PredicateHandler.java:43)
	at io.undertow.security.handlers.AbstractConfidentialityHandler.handleRequest(AbstractConfidentialityHandler.java:46)
	at io.undertow.servlet.handlers.security.ServletConfidentialityConstraintHandler.handleRequest(ServletConfidentialityConstraintHandler.java:64)
	at io.undertow.security.handlers.AuthenticationMechanismsHandler.handleRequest(AuthenticationMechanismsHandler.java:60)
	at io.undertow.servlet.handlers.security.CachedAuthenticatedSessionHandler.handleRequest(CachedAuthenticatedSessionHandler.java:77)
	at io.undertow.security.handlers.NotificationReceiverHandler.handleRequest(NotificationReceiverHandler.java:50)
	at io.undertow.security.handlers.AbstractSecurityContextAssociationHandler.handleRequest(AbstractSecurityContextAssociationHandler.java:43)
	at io.undertow.server.handlers.PredicateHandler.handleRequest(PredicateHandler.java:43)
	at org.wildfly.extension.undertow.security.jacc.JACCContextIdHandler.handleRequest(JACCContextIdHandler.java:61)
	at io.undertow.server.handlers.PredicateHandler.handleRequest(PredicateHandler.java:43)
	at io.undertow.server.handlers.PredicateHandler.handleRequest(PredicateHandler.java:43)
	at io.undertow.servlet.handlers.ServletInitialHandler.handleFirstRequest(ServletInitialHandler.java:284)
	at io.undertow.servlet.handlers.ServletInitialHandler.dispatchRequest(ServletInitialHandler.java:263)
	at io.undertow.servlet.handlers.ServletInitialHandler.access$000(ServletInitialHandler.java:81)
	at io.undertow.servlet.handlers.ServletInitialHandler$1.handleRequest(ServletInitialHandler.java:174)
	at io.undertow.server.Connectors.executeRootHandler(Connectors.java:202)
	at io.undertow.server.HttpServerExchange$1.run(HttpServerExchange.java:793)
	at java.util.concurrent.ThreadPoolExecutor.runWorker(Unknown Source)
	at java.util.concurrent.ThreadPoolExecutor$Worker.run(Unknown Source)
	at java.lang.Thread.run(Unknown Source)

2016-03-24 14:32:47,306 INFO  [org.jboss.as.server] (management-handler-thread - 6) WFLYSRV0211: Suspending server with 0ms timeout.
2016-03-24 14:32:47,317 INFO  [org.jboss.as.server] (Thread-2) WFLYSRV0220: Server shutdown has been requested.
2016-03-24 14:32:47,368 INFO  [org.wildfly.extension.undertow] (ServerService Thread Pool -- 63) WFLYUT0022: Unregistered web context: /
2016-03-24 14:32:47,623 INFO  [org.wildfly.extension.undertow] (MSC service thread 1-6) WFLYUT0019: Host default-host stopping
2016-03-24 14:32:47,642 INFO  [org.jboss.weld.deployer] (MSC service thread 1-7) WFLYWELD0010: Stopping weld service for deployment ROOT.war
2016-03-24 14:32:47,677 INFO  [org.jboss.as.connector.subsystems.datasources] (MSC service thread 1-1) WFLYJCA0010: Unbound data source [java:jboss/datasources/ExampleDS]
2016-03-24 14:32:47,682 INFO  [org.jboss.as.jpa] (ServerService Thread Pool -- 65) WFLYJPA0011: Stopping Persistence Unit (phase 2 of 2) Service 'ROOT.war#demo-unit'
2016-03-24 14:32:47,703 INFO  [org.jboss.as.connector.deployers.jdbc] (MSC service thread 1-7) WFLYJCA0019: Stopped Driver service with driver-name = h2
2016-03-24 14:32:47,709 INFO  [org.jboss.as.jpa] (ServerService Thread Pool -- 65) WFLYJPA0011: Stopping Persistence Unit (phase 1 of 2) Service 'ROOT.war#demo-unit'
2016-03-24 14:32:47,716 INFO  [org.jboss.as.connector.subsystems.datasources] (MSC service thread 1-8) WFLYJCA0010: Unbound data source [java:/jdbc/unmanaged/demo]
2016-03-24 14:32:47,717 INFO  [org.jboss.as.connector.subsystems.datasources] (MSC service thread 1-8) WFLYJCA0010: Unbound data source [java:/jdbc/managed/demo]
2016-03-24 14:32:47,719 INFO  [org.jboss.as.clustering.infinispan] (ServerService Thread Pool -- 67) WFLYCLINF0003: Stopped client-mappings cache from ejb container
2016-03-24 14:32:47,732 INFO  [org.jboss.as.connector.deployers.jdbc] (MSC service thread 1-6) WFLYJCA0019: Stopped Driver service with driver-name = sqlserver
2016-03-24 14:32:47,742 INFO  [org.wildfly.extension.undertow] (MSC service thread 1-3) WFLYUT0008: Undertow HTTP listener default suspending
2016-03-24 14:32:47,757 INFO  [org.wildfly.extension.undertow] (MSC service thread 1-3) WFLYUT0007: Undertow HTTP listener default stopped, was bound to 127.0.0.1:8080
2016-03-24 14:32:47,763 INFO  [org.wildfly.extension.undertow] (MSC service thread 1-8) WFLYUT0004: Undertow 1.3.15.Final stopping
2016-03-24 14:32:47,778 INFO  [org.jboss.as.server.deployment] (MSC service thread 1-6) WFLYSRV0028: Stopped deployment ROOT.war (runtime-name: ROOT.war) in 446ms
2016-03-24 14:32:47,782 INFO  [org.jboss.as] (MSC service thread 1-6) WFLYSRV0050: WildFly Full 10.0.0.Final (WildFly Core 2.0.10.Final) stopped in 448ms
2016-03-24 14:32:49,697 INFO  [org.jboss.modules] (main) JBoss Modules version 1.5.1.Final
2016-03-24 14:32:49,876 INFO  [org.jboss.msc] (main) JBoss MSC version 1.2.6.Final
2016-03-24 14:32:49,939 INFO  [org.jboss.as] (MSC service thread 1-7) WFLYSRV0049: WildFly Full 10.0.0.Final (WildFly Core 2.0.10.Final) starting
2016-03-24 14:32:49,940 DEBUG [org.jboss.as.config] (MSC service thread 1-7) Configured system properties:
	awt.toolkit = sun.awt.windows.WToolkit
	file.encoding = Cp1252
	file.encoding.pkg = sun.io
	file.separator = \
	java.awt.graphicsenv = sun.awt.Win32GraphicsEnvironment
	java.awt.headless = true
	java.awt.printerjob = sun.awt.windows.WPrinterJob
	java.class.path = C:\Wildfly\wildfly-10.0.0.Final\jboss-modules.jar
	java.class.version = 52.0
	java.endorsed.dirs = C:\Program Files\Java\jre1.8.0_73\lib\endorsed
	java.ext.dirs = C:\Program Files\Java\jre1.8.0_73\lib\ext;C:\WINDOWS\Sun\Java\lib\ext
	java.home = C:\Program Files\Java\jre1.8.0_73
	java.io.tmpdir = C:\Users\jamarsto\AppData\Local\Temp\
	java.library.path = C:\Program Files\Java\jre1.8.0_73\bin;C:\WINDOWS\Sun\Java\bin;C:\WINDOWS\system32;C:\WINDOWS;native;C:/Program Files/Java/jre1.8.0_73/bin/server;C:/Program Files/Java/jre1.8.0_73/bin;C:/Program Files/Java/jre1.8.0_73/lib/amd64;C:\ProgramData\Oracle\Java\javapath;C:\WINDOWS\system32;C:\WINDOWS;C:\WINDOWS\System32\Wbem;C:\WINDOWS\System32\WindowsPowerShell\v1.0\;C:\Program Files\Microsoft SQL Server\120\Tools\Binn\;C:\Program Files (x86)\Windows Kits\10\Windows Performance Toolkit\;C:\Program Files (x86)\nodejs\;C:\Program Files\Microsoft\Web Platform Installer\;C:\Program Files\Microsoft SQL Server\110\Tools\Binn\;C:\Program Files (x86)\Microsoft SDKs\Azure\CLI\wbin;C:\Program Files\Microsoft SQL Server\Client SDK\ODBC\110\Tools\Binn\;C:\Program Files (x86)\Microsoft SQL Server\120\Tools\Binn\ManagementStudio\;C:\Program Files (x86)\Microsoft SQL Server\120\Tools\Binn\;C:\Program Files (x86)\Microsoft SQL Server\120\DTS\Binn\;C:\Program Files\Microsoft SQL Server\120\DTS\Binn\;C:\Program Files (x86)\Microsoft Emulator Manager\1.0\;C:\Program Files\Git\cmd;C:\Program Files\Microsoft DNX\Dnvm\;C:\Users\jamarsto\AppData\Roaming\npm;C:\eclipse;;.
	java.net.preferIPv4Stack = true
	java.runtime.name = Java(TM) SE Runtime Environment
	java.runtime.version = 1.8.0_73-b02
	java.specification.name = Java Platform API Specification
	java.specification.vendor = Oracle Corporation
	java.specification.version = 1.8
	java.util.logging.manager = org.jboss.logmanager.LogManager
	java.vendor = Oracle Corporation
	java.vendor.url = http://java.oracle.com/
	java.vendor.url.bug = http://bugreport.sun.com/bugreport/
	java.version = 1.8.0_73
	java.vm.info = mixed mode
	java.vm.name = Java HotSpot(TM) 64-Bit Server VM
	java.vm.specification.name = Java Virtual Machine Specification
	java.vm.specification.vendor = Oracle Corporation
	java.vm.specification.version = 1.8
	java.vm.vendor = Oracle Corporation
	java.vm.version = 25.73-b02
	javax.management.builder.initial = org.jboss.as.jmx.PluggableMBeanServerBuilder
	javax.xml.datatype.DatatypeFactory = __redirected.__DatatypeFactory
	javax.xml.parsers.DocumentBuilderFactory = __redirected.__DocumentBuilderFactory
	javax.xml.parsers.SAXParserFactory = __redirected.__SAXParserFactory
	javax.xml.stream.XMLEventFactory = __redirected.__XMLEventFactory
	javax.xml.stream.XMLInputFactory = __redirected.__XMLInputFactory
	javax.xml.stream.XMLOutputFactory = __redirected.__XMLOutputFactory
	javax.xml.transform.TransformerFactory = __redirected.__TransformerFactory
	javax.xml.validation.SchemaFactory:http://www.w3.org/2001/XMLSchema = __redirected.__SchemaFactory
	javax.xml.xpath.XPathFactory:http://java.sun.com/jaxp/xpath/dom = __redirected.__XPathFactory
	jboss.bind.address = localhost
	jboss.bind.address.management = localhost
	jboss.home.dir = C:\Wildfly\wildfly-10.0.0.Final
	jboss.host.name = minint-kf12rjj
	jboss.http.port = 8080
	jboss.modules.dir = C:\Wildfly\wildfly-10.0.0.Final\modules
	jboss.modules.system.pkgs = org.jboss.byteman
	jboss.node.name = minint-kf12rjj
	jboss.qualified.host.name = minint-kf12rjj
	jboss.server.base.dir = C:\Wildfly\wildfly-10.0.0.Final\standalone
	jboss.server.config.dir = C:\Wildfly\wildfly-10.0.0.Final\standalone\configuration
	jboss.server.data.dir = C:\Wildfly\wildfly-10.0.0.Final\standalone\data
	jboss.server.deploy.dir = C:\Wildfly\wildfly-10.0.0.Final\standalone\data\content
	jboss.server.log.dir = C:\Wildfly\wildfly-10.0.0.Final\standalone\log
	jboss.server.name = minint-kf12rjj
	jboss.server.persist.config = true
	jboss.server.temp.dir = C:\Wildfly\wildfly-10.0.0.Final\standalone\tmp
	line.separator = 

	logging.configuration = file:/C:/Wildfly/wildfly-10.0.0.Final/standalone/configuration/logging.properties
	module.path = C:/Wildfly/wildfly-10.0.0.Final/modules
	org.jboss.boot.log.file = C:/Wildfly/wildfly-10.0.0.Final/standalone/log/boot.log
	org.jboss.logmanager.nocolor = true
	org.jboss.resolver.warning = true
	org.xml.sax.driver = __redirected.__XMLReaderFactory
	os.arch = amd64
	os.name = Windows 10
	os.version = 10.0
	path.separator = ;
	program.name = JBossTools: WildFly  8.x
	redis_host = ja-redis.northeurope.cloudapp.azure.com
	redis_password = <redacted>
	redis_port = 6379
	sun.arch.data.model = 64
	sun.boot.class.path = C:\Program Files\Java\jre1.8.0_73\lib\resources.jar;C:\Program Files\Java\jre1.8.0_73\lib\rt.jar;C:\Program Files\Java\jre1.8.0_73\lib\sunrsasign.jar;C:\Program Files\Java\jre1.8.0_73\lib\jsse.jar;C:\Program Files\Java\jre1.8.0_73\lib\jce.jar;C:\Program Files\Java\jre1.8.0_73\lib\charsets.jar;C:\Program Files\Java\jre1.8.0_73\lib\jfr.jar;C:\Program Files\Java\jre1.8.0_73\classes
	sun.boot.library.path = C:\Program Files\Java\jre1.8.0_73\bin
	sun.cpu.endian = little
	sun.cpu.isalist = amd64
	sun.desktop = windows
	sun.io.unicode.encoding = UnicodeLittle
	sun.java.command = org.jboss.modules.Main -mp C:/Wildfly/wildfly-10.0.0.Final/modules -jaxpmodule javax.xml.jaxp-provider -jaxpmodule javax.xml.jaxp-provider org.jboss.as.standalone -b localhost --server-config=standalone.xml -Djboss.server.base.dir=C:\Wildfly\wildfly-10.0.0.Final\standalone
	sun.java.launcher = SUN_STANDARD
	sun.jnu.encoding = Cp1252
	sun.management.compiler = HotSpot 64-Bit Tiered Compilers
	sun.os.patch.level = 
	sun.rmi.dgc.client.gcInterval = 3600000
	sun.rmi.dgc.server.gcInterval = 3600000
	user.country = GB
	user.dir = C:\Wildfly\wildfly-10.0.0.Final\bin
	user.home = C:\Users\jamarsto
	user.language = en
	user.name = jamarsto
	user.script = 
	user.timezone = Europe/London
	user.variant = 
2016-03-24 14:32:49,940 DEBUG [org.jboss.as.config] (MSC service thread 1-7) VM Arguments: -Dprogram.name=JBossTools: WildFly  8.x -Xms64m -Xmx512m -XX:MaxPermSize=256m -Dorg.jboss.resolver.warning=true -Djava.net.preferIPv4Stack=true -Dsun.rmi.dgc.client.gcInterval=3600000 -Dsun.rmi.dgc.server.gcInterval=3600000 -Djboss.modules.system.pkgs=org.jboss.byteman -Djava.awt.headless=true -Dorg.jboss.boot.log.file=C:/Wildfly/wildfly-10.0.0.Final/standalone/log/boot.log -Dlogging.configuration=file:/C:/Wildfly/wildfly-10.0.0.Final/standalone/configuration/logging.properties -Djboss.home.dir=C:/Wildfly/wildfly-10.0.0.Final -Dorg.jboss.logmanager.nocolor=true -Djboss.bind.address.management=localhost -Dredis_host=ja-redis.northeurope.cloudapp.azure.com -Dredis_port=6379 -Dredis_password= -Djboss.http.port=8080 -Dfile.encoding=Cp1252 
2016-03-24 14:32:51,232 INFO  [org.jboss.as.server.deployment.scanner] (DeploymentScanner-threads - 1) WFLYDS0004: Found ROOT.war in deployment directory. To trigger deployment create a file called ROOT.war.dodeploy
2016-03-24 14:32:51,258 INFO  [org.jboss.as.server] (Controller Boot Thread) WFLYSRV0039: Creating http management service using socket-binding (management-http)
2016-03-24 14:32:51,284 INFO  [org.xnio] (MSC service thread 1-8) XNIO version 3.3.4.Final
2016-03-24 14:32:51,293 INFO  [org.xnio.nio] (MSC service thread 1-8) XNIO NIO Implementation Version 3.3.4.Final
2016-03-24 14:32:51,348 INFO  [org.jboss.remoting] (MSC service thread 1-7) JBoss Remoting version 4.0.18.Final
2016-03-24 14:32:51,395 WARN  [org.jboss.as.txn] (ServerService Thread Pool -- 54) WFLYTX0013: Node identifier property is set to the default value. Please make sure it is unique.
2016-03-24 14:32:51,414 INFO  [org.jboss.as.naming] (ServerService Thread Pool -- 46) WFLYNAM0001: Activating Naming Subsystem
2016-03-24 14:32:51,418 INFO  [org.jboss.as.security] (ServerService Thread Pool -- 53) WFLYSEC0002: Activating Security Subsystem
2016-03-24 14:32:51,424 INFO  [org.jboss.as.webservices] (ServerService Thread Pool -- 56) WFLYWS0002: Activating WebServices Extension
2016-03-24 14:32:51,426 INFO  [org.jboss.as.security] (MSC service thread 1-1) WFLYSEC0001: Current PicketBox version=4.9.4.Final
2016-03-24 14:32:51,455 INFO  [org.jboss.as.connector.subsystems.datasources] (ServerService Thread Pool -- 33) WFLYJCA0004: Deploying JDBC-compliant driver class org.h2.Driver (version 1.3)
2016-03-24 14:32:51,464 INFO  [org.jboss.as.clustering.infinispan] (ServerService Thread Pool -- 38) WFLYCLINF0001: Activating Infinispan subsystem.
2016-03-24 14:32:51,466 INFO  [org.jboss.as.jsf] (ServerService Thread Pool -- 44) WFLYJSF0007: Activated the following JSF Implementations: [main]
2016-03-24 14:32:51,468 INFO  [org.jboss.as.connector] (MSC service thread 1-7) WFLYJCA0009: Starting JCA Subsystem (WildFly/IronJacamar 1.3.2.Final)
2016-03-24 14:32:51,486 INFO  [org.wildfly.extension.io] (ServerService Thread Pool -- 37) WFLYIO001: Worker 'default' has auto-configured to 8 core threads with 64 task threads based on your 4 available processors
2016-03-24 14:32:51,492 INFO  [org.wildfly.extension.undertow] (ServerService Thread Pool -- 55) WFLYUT0003: Undertow 1.3.15.Final starting
2016-03-24 14:32:51,493 INFO  [org.wildfly.extension.undertow] (MSC service thread 1-7) WFLYUT0003: Undertow 1.3.15.Final starting
2016-03-24 14:32:51,669 INFO  [org.jboss.as.connector.deployers.jdbc] (MSC service thread 1-7) WFLYJCA0018: Started Driver service with driver-name = h2
2016-03-24 14:32:51,715 INFO  [org.jboss.as.naming] (MSC service thread 1-2) WFLYNAM0003: Starting Naming Service
2016-03-24 14:32:51,719 INFO  [org.jboss.as.mail.extension] (MSC service thread 1-1) WFLYMAIL0001: Bound mail session [java:jboss/mail/Default]
2016-03-24 14:32:51,894 INFO  [org.wildfly.extension.undertow] (MSC service thread 1-5) WFLYUT0012: Started server default-server.
2016-03-24 14:32:51,943 INFO  [org.jboss.as.ejb3] (MSC service thread 1-5) WFLYEJB0481: Strict pool slsb-strict-max-pool is using a max instance size of 64 (per class), which is derived from thread worker pool sizing.
2016-03-24 14:32:51,946 INFO  [org.jboss.as.ejb3] (MSC service thread 1-2) WFLYEJB0482: Strict pool mdb-strict-max-pool is using a max instance size of 16 (per class), which is derived from the number of CPUs on this host.
2016-03-24 14:32:52,055 INFO  [org.jboss.as.connector.subsystems.datasources] (ServerService Thread Pool -- 33) WFLYJCA0004: Deploying JDBC-compliant driver class com.microsoft.sqlserver.jdbc.SQLServerDriver (version 4.0)
2016-03-24 14:32:52,062 INFO  [org.jboss.as.connector.deployers.jdbc] (MSC service thread 1-8) WFLYJCA0018: Started Driver service with driver-name = sqlserver
2016-03-24 14:32:52,201 INFO  [org.jboss.as.connector.subsystems.datasources] (MSC service thread 1-1) WFLYJCA0001: Bound data source [java:/jdbc/unmanaged/demo]
2016-03-24 14:32:52,481 INFO  [org.wildfly.extension.undertow] (MSC service thread 1-3) WFLYUT0006: Undertow HTTP listener default listening on 127.0.0.1:8080
2016-03-24 14:32:52,569 INFO  [org.jboss.as.connector.subsystems.datasources] (MSC service thread 1-3) WFLYJCA0001: Bound data source [java:/jdbc/managed/demo]
2016-03-24 14:32:52,569 INFO  [org.jboss.as.connector.subsystems.datasources] (MSC service thread 1-1) WFLYJCA0001: Bound data source [java:jboss/datasources/ExampleDS]
2016-03-24 14:32:52,791 INFO  [org.jboss.as.server.deployment.scanner] (MSC service thread 1-8) WFLYDS0013: Started FileSystemDeploymentService for directory C:\Wildfly\wildfly-10.0.0.Final\standalone\deployments
2016-03-24 14:32:52,873 INFO  [org.jboss.as.server.deployment] (MSC service thread 1-3) WFLYSRV0027: Starting deployment of "ROOT.war" (runtime-name: "ROOT.war")
2016-03-24 14:32:53,062 INFO  [org.infinispan.factories.GlobalComponentRegistry] (MSC service thread 1-2) ISPN000128: Infinispan version: Infinispan 'Mahou' 8.1.0.Final
2016-03-24 14:32:53,062 INFO  [org.infinispan.factories.GlobalComponentRegistry] (MSC service thread 1-1) ISPN000128: Infinispan version: Infinispan 'Mahou' 8.1.0.Final
2016-03-24 14:32:53,085 INFO  [org.jboss.ws.common.management] (MSC service thread 1-5) JBWS022052: Starting JBossWS 5.1.3.Final (Apache CXF 3.1.4) 
2016-03-24 14:32:54,228 INFO  [org.jboss.as.jpa] (MSC service thread 1-3) WFLYJPA0002: Read persistence.xml for demo-unit
2016-03-24 14:32:54,395 INFO  [org.jboss.as.jpa] (ServerService Thread Pool -- 59) WFLYJPA0010: Starting Persistence Unit (phase 1 of 2) Service 'ROOT.war#demo-unit'
2016-03-24 14:32:54,468 INFO  [org.hibernate.jpa.internal.util.LogHelper] (ServerService Thread Pool -- 59) HHH000204: Processing PersistenceUnitInfo [
	name: demo-unit
	...]
2016-03-24 14:32:54,504 INFO  [org.jboss.weld.deployer] (MSC service thread 1-3) WFLYWELD0003: Processing weld deployment ROOT.war
2016-03-24 14:32:54,852 INFO  [org.hibernate.validator.internal.util.Version] (MSC service thread 1-3) HV000001: Hibernate Validator 5.2.3.Final
2016-03-24 14:32:54,879 INFO  [org.hibernate.Version] (ServerService Thread Pool -- 59) HHH000412: Hibernate Core {5.0.7.Final}
2016-03-24 14:32:54,880 INFO  [org.hibernate.cfg.Environment] (ServerService Thread Pool -- 59) HHH000206: hibernate.properties not found
2016-03-24 14:32:54,882 INFO  [org.hibernate.cfg.Environment] (ServerService Thread Pool -- 59) HHH000021: Bytecode provider name : javassist
2016-03-24 14:32:54,962 INFO  [org.hibernate.orm.deprecation] (ServerService Thread Pool -- 59) HHH90000001: Found usage of deprecated setting for specifying Scanner [hibernate.ejb.resource_scanner]; use [hibernate.archive.scanner] instead
2016-03-24 14:32:54,976 INFO  [org.jboss.as.ejb3.deployment] (MSC service thread 1-3) WFLYEJB0473: JNDI bindings for session bean named 'SimpleStateless' in deployment unit 'deployment "ROOT.war"' are as follows:

	java:global/ROOT/SimpleStateless!com.microsoft.azure.javaee.SimpleStateless
	java:app/ROOT/SimpleStateless!com.microsoft.azure.javaee.SimpleStateless
	java:module/SimpleStateless!com.microsoft.azure.javaee.SimpleStateless
	java:global/ROOT/SimpleStateless
	java:app/ROOT/SimpleStateless
	java:module/SimpleStateless

2016-03-24 14:32:54,983 INFO  [org.hibernate.annotations.common.Version] (ServerService Thread Pool -- 59) HCANN000001: Hibernate Commons Annotations {5.0.1.Final}
2016-03-24 14:32:55,237 INFO  [org.infinispan.configuration.cache.EvictionConfigurationBuilder] (ServerService Thread Pool -- 59) ISPN000152: Passivation configured without an eviction policy being selected. Only manually evicted entities will be passivated.
2016-03-24 14:32:55,238 INFO  [org.infinispan.configuration.cache.EvictionConfigurationBuilder] (ServerService Thread Pool -- 59) ISPN000152: Passivation configured without an eviction policy being selected. Only manually evicted entities will be passivated.
2016-03-24 14:32:55,242 INFO  [org.infinispan.configuration.cache.EvictionConfigurationBuilder] (ServerService Thread Pool -- 59) ISPN000152: Passivation configured without an eviction policy being selected. Only manually evicted entities will be passivated.
2016-03-24 14:32:55,242 INFO  [org.infinispan.configuration.cache.EvictionConfigurationBuilder] (ServerService Thread Pool -- 59) ISPN000152: Passivation configured without an eviction policy being selected. Only manually evicted entities will be passivated.
2016-03-24 14:32:55,250 INFO  [org.jboss.weld.deployer] (MSC service thread 1-3) WFLYWELD0006: Starting Services for CDI deployment: ROOT.war
2016-03-24 14:32:55,287 INFO  [org.jboss.weld.Version] (MSC service thread 1-3) WELD-000900: 2.3.2 (Final)
2016-03-24 14:32:55,318 INFO  [org.wildfly.extension.undertow] (MSC service thread 1-7) WFLYUT0018: Host default-host starting
2016-03-24 14:32:55,357 INFO  [org.jboss.weld.deployer] (MSC service thread 1-8) WFLYWELD0009: Starting weld service for deployment ROOT.war
2016-03-24 14:32:55,568 INFO  [org.jboss.as.jpa] (ServerService Thread Pool -- 58) WFLYJPA0010: Starting Persistence Unit (phase 2 of 2) Service 'ROOT.war#demo-unit'
2016-03-24 14:32:55,655 INFO  [org.jboss.as.clustering.infinispan] (ServerService Thread Pool -- 59) WFLYCLINF0002: Started client-mappings cache from ejb container
2016-03-24 14:32:56,317 WARN  [org.hibernate.engine.jdbc.dialect.internal.StandardDialectResolver] (ServerService Thread Pool -- 58) HHH000385: Unknown Microsoft SQL Server major version [12] using SQL Server 2000 dialect
2016-03-24 14:32:56,325 INFO  [org.hibernate.dialect.Dialect] (ServerService Thread Pool -- 58) HHH000400: Using dialect: org.hibernate.dialect.SQLServerDialect
2016-03-24 14:32:56,582 INFO  [org.hibernate.envers.boot.internal.EnversServiceImpl] (ServerService Thread Pool -- 58) Envers integration enabled? : true
2016-03-24 14:32:57,682 INFO  [io.undertow.servlet] (ServerService Thread Pool -- 66) No Spring WebApplicationInitializer types detected on classpath
2016-03-24 14:32:57,703 INFO  [io.undertow.servlet] (ServerService Thread Pool -- 66) Initializing Spring root WebApplicationContext
2016-03-24 14:32:57,704 INFO  [org.springframework.web.context.ContextLoader] (ServerService Thread Pool -- 66) Root WebApplicationContext: initialization started
2016-03-24 14:32:57,753 INFO  [org.springframework.web.context.support.XmlWebApplicationContext] (ServerService Thread Pool -- 66) Refreshing Root WebApplicationContext: startup date [Thu Mar 24 14:32:57 GMT 2016]; root of context hierarchy
2016-03-24 14:32:57,784 INFO  [org.springframework.beans.factory.xml.XmlBeanDefinitionReader] (ServerService Thread Pool -- 66) Loading XML bean definitions from ServletContext resource [/WEB-INF/spring/session.xml]
2016-03-24 14:32:58,036 INFO  [org.springframework.beans.factory.annotation.AutowiredAnnotationBeanPostProcessor] (ServerService Thread Pool -- 66) JSR-330 'javax.inject.Inject' annotation found and supported for autowiring
2016-03-24 14:32:58,410 INFO  [org.springframework.context.support.DefaultLifecycleProcessor] (ServerService Thread Pool -- 66) Starting beans in phase 2147483647
2016-03-24 14:32:58,496 INFO  [org.springframework.web.context.ContextLoader] (ServerService Thread Pool -- 66) Root WebApplicationContext: initialization completed in 792 ms
2016-03-24 14:32:58,595 INFO  [javax.enterprise.resource.webcontainer.jsf.config] (ServerService Thread Pool -- 66) Initializing Mojarra 2.2.12-jbossorg-2 20150729-1131 for context ''
2016-03-24 14:32:59,396 INFO  [org.wildfly.extension.undertow] (ServerService Thread Pool -- 66) WFLYUT0021: Registered web context: /
2016-03-24 14:32:59,458 INFO  [org.jboss.as.server] (ServerService Thread Pool -- 34) WFLYSRV0010: Deployed "ROOT.war" (runtime-name : "ROOT.war")
2016-03-24 14:32:59,635 INFO  [org.jboss.as] (Controller Boot Thread) WFLYSRV0060: Http management interface listening on http://127.0.0.1:9990/management
2016-03-24 14:32:59,636 INFO  [org.jboss.as] (Controller Boot Thread) WFLYSRV0051: Admin console listening on http://127.0.0.1:9990
2016-03-24 14:32:59,636 INFO  [org.jboss.as] (Controller Boot Thread) WFLYSRV0025: WildFly Full 10.0.0.Final (WildFly Core 2.0.10.Final) started in 10237ms - Started 445 of 715 services (383 services are lazy, passive or on-demand)
2016-03-24 14:33:05,975 INFO  [com.microsoftopentechnologies.acs.federation.ACSFederationAuthFilter] (default task-1) Passive Requestor Endpoint is:https://jamarsto.accesscontrol.windows.net:443/v2/wsfederation?wa=wsignin1.0&wtrealm=http%3a%2f%2fjm-java.azurewebsites.net%2f
2016-03-24 14:33:05,975 INFO  [com.microsoftopentechnologies.acs.federation.ACSFederationAuthFilter] (default task-1) Relying Party Realm is:http://jm-java.azurewebsites.net
2016-03-24 14:33:05,975 INFO  [com.microsoftopentechnologies.acs.federation.ACSFederationAuthFilter] (default task-1) Certificate path:null
2016-03-24 14:34:07,616 INFO  [org.jboss.as.server] (management-handler-thread - 6) WFLYSRV0211: Suspending server with 0ms timeout.
2016-03-24 14:34:07,624 INFO  [org.jboss.as.server] (Thread-2) WFLYSRV0220: Server shutdown has been requested.
2016-03-24 14:34:07,740 INFO  [org.wildfly.extension.undertow] (ServerService Thread Pool -- 74) WFLYUT0022: Unregistered web context: /
2016-03-24 14:34:07,891 INFO  [io.undertow.servlet] (ServerService Thread Pool -- 74) Closing Spring root WebApplicationContext
2016-03-24 14:34:07,892 INFO  [org.springframework.web.context.support.XmlWebApplicationContext] (ServerService Thread Pool -- 74) Closing Root WebApplicationContext: startup date [Thu Mar 24 14:32:57 GMT 2016]; root of context hierarchy
2016-03-24 14:34:07,894 INFO  [org.springframework.context.support.DefaultLifecycleProcessor] (ServerService Thread Pool -- 74) Stopping beans in phase 2147483647
2016-03-24 14:34:08,176 INFO  [org.wildfly.extension.undertow] (MSC service thread 1-8) WFLYUT0019: Host default-host stopping
2016-03-24 14:34:08,179 INFO  [org.jboss.weld.deployer] (MSC service thread 1-7) WFLYWELD0010: Stopping weld service for deployment ROOT.war
2016-03-24 14:34:08,207 INFO  [org.jboss.as.connector.subsystems.datasources] (MSC service thread 1-7) WFLYJCA0010: Unbound data source [java:jboss/datasources/ExampleDS]
2016-03-24 14:34:08,209 INFO  [org.jboss.as.connector.deployers.jdbc] (MSC service thread 1-3) WFLYJCA0019: Stopped Driver service with driver-name = h2
2016-03-24 14:34:08,210 INFO  [org.jboss.as.jpa] (ServerService Thread Pool -- 75) WFLYJPA0011: Stopping Persistence Unit (phase 2 of 2) Service 'ROOT.war#demo-unit'
2016-03-24 14:34:08,225 INFO  [org.jboss.as.jpa] (ServerService Thread Pool -- 75) WFLYJPA0011: Stopping Persistence Unit (phase 1 of 2) Service 'ROOT.war#demo-unit'
2016-03-24 14:34:08,234 INFO  [org.jboss.as.connector.subsystems.datasources] (MSC service thread 1-7) WFLYJCA0010: Unbound data source [java:/jdbc/managed/demo]
2016-03-24 14:34:08,233 INFO  [org.jboss.as.connector.subsystems.datasources] (MSC service thread 1-3) WFLYJCA0010: Unbound data source [java:/jdbc/unmanaged/demo]
2016-03-24 14:34:08,239 INFO  [org.jboss.as.clustering.infinispan] (ServerService Thread Pool -- 79) WFLYCLINF0003: Stopped client-mappings cache from ejb container
2016-03-24 14:34:08,241 INFO  [org.wildfly.extension.undertow] (MSC service thread 1-7) WFLYUT0008: Undertow HTTP listener default suspending
2016-03-24 14:34:08,242 INFO  [org.wildfly.extension.undertow] (MSC service thread 1-7) WFLYUT0007: Undertow HTTP listener default stopped, was bound to 127.0.0.1:8080
2016-03-24 14:34:08,243 INFO  [org.wildfly.extension.undertow] (MSC service thread 1-7) WFLYUT0004: Undertow 1.3.15.Final stopping
2016-03-24 14:34:08,264 INFO  [org.jboss.as.connector.deployers.jdbc] (MSC service thread 1-1) WFLYJCA0019: Stopped Driver service with driver-name = sqlserver
2016-03-24 14:34:08,276 INFO  [org.jboss.as.server.deployment] (MSC service thread 1-3) WFLYSRV0028: Stopped deployment ROOT.war (runtime-name: ROOT.war) in 617ms
2016-03-24 14:34:08,279 INFO  [org.jboss.as] (MSC service thread 1-3) WFLYSRV0050: WildFly Full 10.0.0.Final (WildFly Core 2.0.10.Final) stopped in 625ms
